0
93
225
445
0
32
92
0
20
170
199
289
0
28
39
49
69
94
111
124
124
152
214
259
0
19
64
94
124
274
0
150
196
241
271
0
150
0
0
150
0
150
270
0
19
45
49
74
90
150
180
226
0
0
16
61
211
0
150
284
284
329
374
524
527
572
617
767
884
1034
1184
1184
1334
1484
1551
1641
1654
1684
1686
1836
1901
1976
2021
2099
2134
2239
2299
2377
2467
2527
2533
2585
2623
2683
2733
2743
2773
2863
0
60
88
113
164
219
223
253
343
403
525
585
630
780
930
952
967
989
994
1012
1042
0
37
182
287
347
445
570
617
641
677
752
774
827
915
917
937
1007
1067
1115
1142
1172
1217
1250
1262
1307
1337
1367
1479
1629
1640
1715
1760
1910
2060
2210
2359
2434
2479
2547
2637
2682
2727
2780
2780
2803
2825
2836
2850
2855
2885
2915
3005
3065
3095
3140
3170
3200
3350
3413
3443
3473
3595
3599
3630
3655
3700
3730
3760
3910
4060
0
13
46
58
163
203
223
247
283
328
352
360
403
430
493
568
613
643
644
703
746
896
928
1063
1077
1138
1183
1277
1293
1321
1364
1513
1543
1618
1678
1723
1786
1798
1815
1873
1933
1978
2098
2128
2278
2383
2533
2533
2581
2638
2682
2683
2728
2773
2786
2803
2808
2833
2863
2896
2956
2975
3001
0
92
152
264
339
384
406
556
706
709
770
833
844
904
933
974
1001
1019
1064
1130
1280
1283
1379
1514
1664
1704
1739
1874
1904
1979
2024
2145
2190
2220
2350
2500
2620
2770
2770
2920
3041
3191
3264
3315
3357
3399
3459
3483
3504
3579
3624
3668
3818
3821
3827
3866
3896
4046
4083
0
150
238
261
268
313
346
405
0
137
241
287
317
362
376
426
497
513
574
724
782
856
962
1048
1127
1140
1168
1227
1232
1300
1352
0
42
102
107
207
267
272
296
297
347
387
447
477
507
612
672
777
786
837
882
1023
1037
1098
1248
1383
1508
1524
1548
1636
1786
1818
1938
1998
2037
2088
2148
2178
2267
2417
2465
2478
2484
2615
2628
2658
2703
2784
2859
3009
3010
3048
3198
3208
3228
3258
3318
3363
3408
3498
3545
3558
3633
3737
3864
3895
3939
3946
3951
3963
4021
4081
4083
4100
0
33
183
189
243
287
0
82
123
127
153
168
243
273
0
63
77
108
176
183
0
150
228
285
0
101
102
108
197
198
230
234
300
0
150
153
296
0
18
63
0
89
186
0
130
148
160
171
228
246
0
21
77
89
109
131
138
164
194
195
228
588
933
963
1233
1308
1340
1385
1535
1578
1599
1788
1893
1903
1968
1989
2139
2149
2272
2336
2358
2508
2508
2576
2688
2758
2831
2883
2973
3123
4008
4158
4273
4623
4668
4673
5238
5343
5418
5733
5928
0
125
1772
1937
2042
2117
2187
2447
2552
2777
2882
2957
3045
3195
3318
3332
4704
4709
4727
4802
0
102
127
328
361
508
613
685
688
807
838
0
34
80
133
250
268
418
484
523
583
591
619
973
1123
1183
1288
1297
1363
1435
1513
1543
1553
1693
1811
1828
2098
2099
2413
2548
2608
3073
3208
3583
3643
3643
3688
3838
4198
4288
4348
4415
4423
4498
0
58
144
294
318
378
418
568
583
623
631
688
823
851
1001
1104
1108
1108
1183
1243
1277
1286
1315
1465
1581
1618
1672
1685
1723
1843
1888
1971
2428
3343
3431
3568
3823
3868
3883
3893
4043
4082
4408
4888
4978
5056
5593
5698
5737
5788
5938
6071
6088
6238
6283
6388
6437
6530
6535
7378
7435
7483
7573
7623
7680
7873
8353
8503
8605
8668
8949
9238
9291
9553
9583
9591
9613
9701
9784
9934
10241
10526
11306
11323
11381
11531
11660
11666
11711
0
69
131
162
206
206
223
266
394
482
551
617
767
812
821
881
1031
1076
1226
1254
1301
1406
1556
1706
1721
1799
1826
1888
1903
1916
2066
2141
2591
3551
3776
3854
3881
3923
4071
4221
4235
4241
4376
4781
4800
5021
5096
5160
0
16
56
91
241
571
1771
1921
1983
2026
2049
2101
2162
2198
2348
2416
3241
3391
3466
3496
3573
3781
3901
4051
4051
4381
4456
4543
4693
4726
4861
5326
5761
5833
5983
6136
6286
6751
6820
6991
7141
7216
8341
8444
8581
8731
8806
8935
9059
9160
9464
9906
9960
10575
10977
11127
11277
11427
19960
0
150
174
177
0
72
222
267
0
63
77
182
235
257
0
17
160
235
268
272
0
92
102
191
209
299
0
107
115
167
257
258
264
287
0
38
0
5
17
91
0
62
107
210
212
302
320
382
392
505
507
513
542
584
604
711
827
843
931
947
1040
1097
1109
1194
1247
1337
1348
1367
1382
1393
1442
1457
1562
1712
1792
1802
1816
1841
1877
1997
2029
2087
2104
2107
2147
2282
2288
2338
2340
2357
2507
2627
2677
2707
2717
2753
2822
2856
3422
3467
3480
3521
3557
3857
3932
4052
4097
4116
4622
4772
5657
5732
6227
6272
6422
6452
6542
6587
6662
6737
6887
6958
7067
7206
7277
7390
7472
7592
7742
7810
7879
7892
7978
7982
8132
8282
8282
8345
8371
8372
8377
8432
8511
8522
8537
8612
8698
8698
8699
8735
8885
8912
9017
9167
9243
9467
9572
9632
9656
9671
10547
10652
10802
10802
10847
10907
10920
10967
10979
0
38
40
113
188
230
311
461
503
516
567
623
698
704
788
848
853
1238
0
40
78
108
159
0
15
363
387
0
0
43
193
0
103
253
0
28
29
179
193
0
148
198
220
273
286
289
0
13
163
208
246
0
7
0
123
174
247
0
13
18
39
65
165
789
1003
1148
1228
1613
1678
1828
2068
2155
2263
2293
2338
2455
2605
2698
2802
2863
2920
3070
3133
3193
3214
3283
3300
3352
0
39
45
78
107
148
273
423
473
505
526
543
552
652
1173
1938
2148
2148
2388
2538
2628
2658
2778
2928
2941
2973
3071
3148
3168
3318
3858
5178
5418
5628
5652
5802
5952
6018
6183
6378
6528
6588
6604
6620
6768
7458
7548
0
70
858
1053
1233
1277
1291
1308
1380
1381
1450
0
0
47
145
276
340
407
468
535
685
715
745
840
891
1041
1120
1258
1315
1345
1347
0
22
65
215
279
306
378
528
588
648
693
744
768
918
921
1083
1263
1293
1306
1348
2568
2689
2793
0
150
180
548
578
623
669
736
886
967
980
1028
1178
1208
1394
1544
1613
2048
2228
2258
2264
2288
2438
2466
2540
2550
2565
2843
2899
2903
3053
3103
3133
3443
0
93
138
246
546
601
648
678
786
846
996
1127
1138
1206
1306
1551
2691
2720
2870
2961
3516
3666
3696
3846
4686
4866
5016
5166
5691
5871
9140
9715
9811
0
78
138
140
209
0
59
111
171
0
32
0
22
97
102
106
172
187
241
247
277
0
150
218
293
0
38
124
154
172
184
244
260
289
0
150
188
263
0
8
91
140
196
226
264
0
16
51
76
166
226
354
489
548
549
699
840
895
900
945
990
1140
1153
1243
1288
1438
1525
1537
1602
1687
1711
1725
1747
1796
1825
1837
1897
1899
2004
2014
2079
2082
2124
2132
2167
2169
2199
2210
2277
2304
2310
2364
2439
2514
2574
2604
2634
2657
2717
2732
2777
2777
2927
3021
3111
3150
3171
3213
3231
0
24
57
102
132
144
174
210
219
264
309
339
410
500
560
710
712
728
736
781
802
811
832
886
922
982
0
70
76
150
278
295
340
385
435
450
460
610
625
640
730
760
835
880
884
986
1015
0
117
237
330
417
477
522
525
675
825
0
147
222
267
377
385
396
467
525
595
630
670
715
857
895
940
1000
1020
1045
1075
1126
1165
1210
1240
1270
1293
1300
1334
1345
1405
1450
1480
1608
1667
0
86
159
215
247
318
350
395
408
416
425
485
495
510
530
575
665
815
863
905
910
920
1055
1071
1085
1175
1235
1357
1394
1421
1426
1496
1513
1524
1545
1580
1730
1760
1790
1835
1865
1885
1891
1906
1940
2030
2060
2105
2150
2180
2210
2360
2504
2510
2645
2651
2675
2705
2795
2855
2892
3042
3192
3230
3334
3335
3425
3456
3485
3740
4430
4432
4550
0
9
117
224
234
0
54
99
142
292
0
9
44
174
275
0
9
83
104
159
0
54
150
234
259
278
0
11
144
189
212
0
24
0
2
33
0
35
155
0
150
188
204
0
11
24
116
264
406
412
444
446
464
523
579
729
729
785
843
948
999
1082
1089
1169
1284
1314
1352
1389
1441
1441
1884
2007
2109
2259
2634
3219
3729
3759
3823
3973
4025
4104
4254
4299
4309
4459
4494
4600
4674
4762
4794
4924
4944
5029
0
70
76
190
250
281
367
370
402
490
595
705
745
771
831
1195
1330
1337
1487
1637
1705
1840
1990
2155
2305
3010
3160
3209
3220
3257
3294
0
62
64
214
242
273
403
587
707
760
2042
2732
2882
2931
3167
3287
3437
3437
3587
3587
3737
3869
3930
3932
4066
4092
4095
4127
4277
4285
4309
4322
4331
4332
4482
4547
4651
4708
4727
4799
4937
5192
5282
5762
5912
6077
6227
6317
6377
6468
6482
6529
6615
7022
7067
7091
7112
7262
7397
7418
7568
7583
7592
7742
7751
7787
8567
9287
9295
9482
10217
10877
10897
11047
11657
11807
11837
11839
12092
12212
12287
12369
12402
12552
12647
12812
12950
13007
13052
13187
13231
13232
13334
13817
13937
14087
14087
14147
14202
14252
14269
14304
14329
14438
14530
0
73
119
177
180
208
209
0
40
139
259
405
524
529
544
554
650
694
699
814
838
876
934
994
998
1039
1189
1384
1879
1921
2044
2051
2154
2164
2239
2299
2344
2419
2569
2600
2687
2689
3049
3199
3319
3364
3383
3424
3574
3589
3619
3675
3702
3852
3859
3979
4000
4384
4528
4678
4714
4759
4836
4850
5000
5029
5209
5809
0
142
171
321
337
403
428
562
622
652
678
684
1327
1402
1732
1927
2947
3052
3055
3097
3162
3273
3277
3322
4402
4582
4603
4668
5182
5209
5362
5512
5557
5600
5617
5677
6877
7027
7372
7522
7552
7627
7822
8047
8317
8322
9097
9292
9442
9442
10327
10507
10657
10807
10852
11002
11047
11066
11152
11183
11302
11318
11321
11395
11422
11484
11617
11842
11992
12085
12107
12112
12134
12284
12337
12412
12562
12562
12667
12787
12847
12896
12958
13027
13037
13155
13177
13222
13372
13460
13462
13642
14467
15142
15187
15322
15446
16117
16267
16267
16417
16417
16493
16643
16702
16792
16852
16885
17035
17302
17395
17527
17579
17797
18232
19522
19642
19852
20002
20077
20097
20242
21547
21697
21862
22102
0
15
20
355
550
670
970
2185
2815
2965
3055
3115
3144
3294
3310
3326
3370
3520
3670
3685
3835
3910
4930
5080
5125
5200
5350
5380
5442
0
120
164
314
314
375
525
554
639
734
839
869
953
993
1094
1124
1274
0
0
21
37
78
159
185
248
292
314
366
1522
0
125
146
161
219
369
374
377
399
549
583
589
606
669
819
819
832
898
939
1006
1089
1134
2544
2814
2949
3099
3264
3414
3459
3503
3651
3654
3720
3753
3798
3813
3849
3901
4044
4135
4285
4328
4468
4479
5064
5139
5188
5259
5574
5634
5934
5951
6099
6200
6204
6330
6549
6924
7194
8439
8559
8649
8730
8738
8899
9249
9354
9502
9652
9669
9699
9729
9768
9918
9939
10179
11379
11604
11712
11859
12024
12054
12084
12085
12194
12232
12235
12264
12414
12534
13119
13509
13539
13674
13784
13900
13989
14049
14193
14304
14349
14499
14514
14664
14679
14688
14724
14874
14893
14904
15009
15159
15159
15217
15252
15284
15309
16089
16149
16200
16200
0
122
123
149
224
374
398
482
569
689
0
403
538
688
733
868
1018
1031
1093
1123
1154
1753
1948
2728
3118
3448
3462
3673
4558
4633
5053
5083
5107
5113
5156
5278
5376
5478
5570
5653
5708
5713
5730
5877
5895
5914
5955
6013
6088
6212
6238
6241
6703
6793
7573
7712
7723
7873
7992
8053
8113
8263
8398
9148
9298
9343
9403
9553
9619
9769
9778
9866
10423
10468
10588
10622
10734
10768
11278
11428
11578
11578
11683
11764
12103
0
89
191
356
761
1226
1286
1297
1337
1421
1428
0
59
69
143
149
299
584
734
764
1214
1349
1874
2024
2114
2264
2309
2339
2417
2444
2594
2635
2669
2733
2789
2849
2905
2954
3554
3629
3660
4184
4319
4348
4498
4529
4551
4589
4694
5260
0
24
91
241
279
684
804
1209
1293
1494
1528
2679
0
15
87
390
510
556
570
660
765
915
949
951
1026
1029
1034
1050
1110
1260
1352
1406
2265
2270
2460
2550
2602
2655
2925
3075
3120
3139
3240
4830
4905
5010
5115
5149
5162
5193
5385
5535
6300
6405
6455
6510
6641
6647
6678
7005
7125
7161
